{
  "RSpec": {
    "coverage": {
      "/home/harekrishna/apps/carwow/nishu_bitmap_editor/spec/lib/bitmap_editor_spec.rb": [
        1,
        null,
        1,
        3,
        null,
        2,
        2,
        null,
        1,
        1,
        1,
        1,
        null,
        null,
        3,
        null,
        null
      ],
      "/home/harekrishna/apps/carwow/nishu_bitmap_editor/spec/lib/bitmap_spec.rb": [
        1,
        null,
        1,
        15,
        null,
        15,
        15,
        null,
        1,
        2,
        2,
        2,
        null,
        null,
        1,
        2,
        null,
        5,
        null,
        null,
        1,
        1,
        5,
        null,
        null,
        1,
        3,
        null,
        null,
        null,
        1,
        1,
        1,
        1,
        null,
        null,
        2,
        null,
        null,
        1,
        3,
        null,
        null,
        null,
        1,
        1,
        2,
        null,
        null,
        1,
        2,
        2,
        2,
        2,
        null,
        null,
        null,
        1,
        2,
        null,
        null
      ],
      "/home/harekrishna/apps/carwow/nishu_bitmap_editor/spec/lib/commands/clear_spec.rb": [
        1,
        null,
        1,
        5,
        null,
        1,
        1,
        3,
        null,
        null,
        2,
        null,
        1,
        1,
        1,
        null,
        null,
        5,
        null,
        null,
        1,
        1,
        2,
        null,
        2,
        null,
        null,
        1,
        3,
        null,
        null,
        null,
        null,
        1,
        2,
        null,
        1,
        3,
        null,
        null,
        null
      ],
      "/home/harekrishna/apps/carwow/nishu_bitmap_editor/spec/lib/commands/color_pixel_spec.rb": [
        1,
        null,
        1,
        13,
        12,
        12,
        14,
        null,
        1,
        1,
        12,
        null,
        null,
        5,
        null,
        1,
        2,
        2,
        2,
        null,
        null,
        1,
        5,
        null,
        null,
        1,
        1,
        5,
        null,
        2,
        2,
        2,
        2,
        null,
        null,
        1,
        3,
        null,
        null,
        1,
        3,
        3,
        3,
        null,
        null,
        null,
        null,
        1,
        2,
        null,
        1,
        3,
        null,
        null,
        null
      ],
      "/home/harekrishna/apps/carwow/nishu_bitmap_editor/spec/lib/commands/create_spec.rb": [
        1,
        null,
        1,
        6,
        null,
        4,
        11,
        10,
        null,
        1,
        2,
        2,
        null,
        null,
        1,
        4,
        null,
        2,
        2,
        2,
        null,
        null,
        1,
        1,
        4,
        null,
        2,
        2,
        2,
        null,
        null,
        1,
        3,
        null,
        null,
        1,
        3,
        3,
        null,
        null,
        null
      ],
      "/home/harekrishna/apps/carwow/nishu_bitmap_editor/spec/lib/commands/horizontal_draw_spec.rb": [
        1,
        null,
        1,
        18,
        16,
        16,
        17,
        16,
        null,
        1,
        1,
        16,
        null,
        null,
        7,
        null,
        1,
        2,
        2,
        2,
        2,
        null,
        null,
        1,
        3,
        null,
        2,
        2,
        null,
        null,
        1,
        1,
        6,
        null,
        2,
        2,
        null,
        1,
        2,
        2,
        2,
        null,
        null,
        null,
        1,
        3,
        null,
        null,
        1,
        3,
        3,
        3,
        3,
        null,
        null,
        null,
        null,
        1,
        2,
        null,
        1,
        3,
        null,
        null,
        null
      ],
      "/home/harekrishna/apps/carwow/nishu_bitmap_editor/spec/lib/commands/show_spec.rb": [
        1,
        null,
        1,
        5,
        null,
        1,
        1,
        3,
        null,
        null,
        2,
        null,
        1,
        3,
        null,
        null,
        1,
        1,
        2,
        null,
        2,
        null,
        null,
        1,
        3,
        null,
        null,
        null,
        null,
        1,
        2,
        null,
        1,
        3,
        null,
        null,
        null
      ],
      "/home/harekrishna/apps/carwow/nishu_bitmap_editor/spec/lib/commands/vertical_draw_spec.rb": [
        1,
        null,
        1,
        18,
        17,
        16,
        16,
        16,
        null,
        1,
        1,
        16,
        null,
        null,
        7,
        null,
        1,
        2,
        2,
        2,
        2,
        null,
        null,
        1,
        3,
        null,
        2,
        2,
        null,
        null,
        1,
        1,
        6,
        null,
        2,
        2,
        2,
        2,
        2,
        null,
        null,
        1,
        3,
        null,
        null,
        1,
        3,
        3,
        3,
        3,
        null,
        null,
        null,
        null,
        1,
        2,
        null,
        1,
        3,
        null,
        null,
        null
      ],
      "/home/harekrishna/apps/carwow/nishu_bitmap_editor/spec/lib/mapper_spec.rb": [
        1,
        null,
        1,
        8,
        null,
        1,
        null,
        1,
        1,
        2,
        2,
        2,
        2,
        2,
        2,
        null,
        null,
        1,
        3,
        null,
        null,
        null
      ],
      "/home/harekrishna/apps/carwow/nishu_bitmap_editor/spec/lib/utils_spec.rb": [
        1,
        null,
        1,
        1,
        2,
        2,
        null,
        null,
        1,
        2,
        2,
        2,
        null,
        null
      ]
    },
    "timestamp": 1517779621
  }
}
